2024-02-09 20:38:59,366 INFO o.a.j.u.JMeterUtils: Setting Locale to en_EN
2024-02-09 20:38:59,381 INFO o.a.j.JMeter: Loading user properties from: /opt/homebrew/Cellar/jmeter/5.6.3/libexec/bin/user.properties
2024-02-09 20:38:59,381 INFO o.a.j.JMeter: Loading system properties from: /opt/homebrew/Cellar/jmeter/5.6.3/libexec/bin/system.properties
2024-02-09 20:38:59,384 INFO o.a.j.JMeter: Copyright (c) 1998-2024 The Apache Software Foundation
2024-02-09 20:38:59,384 INFO o.a.j.JMeter: Version 5.6.3
2024-02-09 20:38:59,384 INFO o.a.j.JMeter: java.version=21.0.2
2024-02-09 20:38:59,385 INFO o.a.j.JMeter: java.vm.name=OpenJDK 64-Bit Server VM
2024-02-09 20:38:59,385 INFO o.a.j.JMeter: os.name=Mac OS X
2024-02-09 20:38:59,385 INFO o.a.j.JMeter: os.arch=aarch64
2024-02-09 20:38:59,385 INFO o.a.j.JMeter: os.version=14.3
2024-02-09 20:38:59,385 INFO o.a.j.JMeter: file.encoding=UTF-8
2024-02-09 20:38:59,385 INFO o.a.j.JMeter: java.awt.headless=null
2024-02-09 20:38:59,385 INFO o.a.j.JMeter: Max memory     =1073741824
2024-02-09 20:38:59,385 INFO o.a.j.JMeter: Available Processors =8
2024-02-09 20:38:59,391 INFO o.a.j.JMeter: Default Locale=English (EN)
2024-02-09 20:38:59,391 INFO o.a.j.JMeter: JMeter  Locale=English (EN)
2024-02-09 20:38:59,391 INFO o.a.j.JMeter: JMeterHome=/opt/homebrew/Cellar/jmeter/5.6.3/libexec
2024-02-09 20:38:59,392 INFO o.a.j.JMeter: user.dir  =/Users/aomsinqw/Desktop/CPE433-66
2024-02-09 20:38:59,392 INFO o.a.j.JMeter: PWD       =/Users/aomsinqw/Desktop/CPE433-66
2024-02-09 20:38:59,434 INFO o.a.j.JMeter: IP: 10.0.0.126 Name: Aomsinqws-MacBook-Pro.local FullName: 10.0.0.126
2024-02-09 20:38:59,442 INFO o.a.j.JMeter: Loaded icon properties from org/apache/jmeter/images/icon.properties
2024-02-09 20:38:59,839 INFO o.a.j.JMeterGuiLauncher: Setting LAF to: com.github.weisj.darklaf.DarkLaf:com.github.weisj.darklaf.theme.DarculaTheme
2024-02-09 20:39:00,924 INFO o.a.j.r.ClassFinder: Will scan jar /opt/homebrew/Cellar/jmeter/5.6.3/libexec/lib/ext/jmeter-plugins-manager-1.9.jar with filter ExtendsClassFilter [parents=[interface org.apache.jmeter.gui.action.Command], inner=false, contains=null, notContains=null]. Consider exposing JMeter plugins via META-INF/services, and add JMeter-Skip-Class-Scanning=true manifest attribute so JMeter can skip classfile scanning
2024-02-09 20:39:00,995 INFO o.a.j.r.ClassFinder: Will scan jar /opt/homebrew/Cellar/jmeter/5.6.3/libexec/lib/ext/jmeter-plugins-manager-1.9.jar with filter ExtendsClassFilter [parents=[interface org.apache.jmeter.gui.plugin.MenuCreator], inner=false, contains=null, notContains=null]. Consider exposing JMeter plugins via META-INF/services, and add JMeter-Skip-Class-Scanning=true manifest attribute so JMeter can skip classfile scanning
2024-02-09 20:39:01,062 INFO o.j.r.JARSourceHTTP: Requesting https://jmeter-plugins.org/repo/?installID=mac_os_x-8ec0705290e14db91542386bf8765509-gui
2024-02-09 20:39:03,380 INFO o.j.r.PluginManager: Plugins Status: [jpgc-plugins-manager=1.9, jmeter-core=5.6.3, jmeter-ftp=5.6.3, jmeter-http=5.6.3, jmeter-jdbc=5.6.3, jmeter-jms=5.6.3, jmeter-junit=5.6.3, jmeter-java=5.6.3, jmeter-ldap=5.6.3, jmeter-mail=5.6.3, jmeter-mongodb=5.6.3, jmeter-native=5.6.3, jmeter-tcp=5.6.3, jmeter-components=5.6.3]
2024-02-09 20:39:03,381 INFO o.j.r.PluginManagerMenuItem: Plugins Manager has upgrades: [jpgc-plugins-manager]
2024-02-09 20:40:43,574 INFO o.a.j.s.FileServer: Default base='/Users/aomsinqw/Desktop/CPE433-66'
2024-02-09 20:40:43,576 INFO o.a.j.g.a.Load: Loading file: /Users/aomsinqw/Downloads/Scenario 1.jmx
2024-02-09 20:40:43,576 INFO o.a.j.s.FileServer: Set new base='/Users/aomsinqw/Downloads'
2024-02-09 20:40:43,672 INFO o.a.j.s.SaveService: Testplan (JMX) version: 2.2. Testlog (JTL) version: 2.2
2024-02-09 20:40:43,677 INFO o.a.j.s.SaveService: Using SaveService properties version 5.0
2024-02-09 20:40:43,678 INFO o.a.j.s.SaveService: Using SaveService properties file encoding UTF-8
2024-02-09 20:40:43,679 INFO o.a.j.s.SaveService: Loading file: /Users/aomsinqw/Downloads/Scenario 1.jmx
2024-02-09 20:40:43,724 INFO o.a.j.p.h.s.HTTPSamplerBase: Parser for text/html is org.apache.jmeter.protocol.http.parser.LagartoBasedHtmlParser
2024-02-09 20:40:43,724 INFO o.a.j.p.h.s.HTTPSamplerBase: Parser for application/xhtml+xml is org.apache.jmeter.protocol.http.parser.LagartoBasedHtmlParser
2024-02-09 20:40:43,724 INFO o.a.j.p.h.s.HTTPSamplerBase: Parser for application/xml is org.apache.jmeter.protocol.http.parser.LagartoBasedHtmlParser
2024-02-09 20:40:43,724 INFO o.a.j.p.h.s.HTTPSamplerBase: Parser for text/xml is org.apache.jmeter.protocol.http.parser.LagartoBasedHtmlParser
2024-02-09 20:40:43,724 INFO o.a.j.p.h.s.HTTPSamplerBase: Parser for text/vnd.wap.wml is org.apache.jmeter.protocol.http.parser.RegexpHTMLParser
2024-02-09 20:40:43,724 INFO o.a.j.p.h.s.HTTPSamplerBase: Parser for text/css is org.apache.jmeter.protocol.http.parser.CssParser
2024-02-09 20:40:43,852 INFO o.a.j.s.SampleResult: Note: Sample TimeStamps are START times
2024-02-09 20:40:43,852 INFO o.a.j.s.SampleResult: sampleresult.default.encoding is set to UTF-8
2024-02-09 20:40:43,853 INFO o.a.j.s.SampleResult: sampleresult.useNanoTime=true
2024-02-09 20:40:43,853 INFO o.a.j.s.SampleResult: sampleresult.nanoThreadSleep=5000
2024-02-09 20:40:43,922 INFO o.a.j.r.ClassFinder: Will scan jar /opt/homebrew/Cellar/jmeter/5.6.3/libexec/lib/ext/jmeter-plugins-manager-1.9.jar with filter ExtendsClassFilter [parents=[interface org.apache.jmeter.visualizers.ResultRenderer], inner=false, contains=null, notContains=null]. Consider exposing JMeter plugins via META-INF/services, and add JMeter-Skip-Class-Scanning=true manifest attribute so JMeter can skip classfile scanning
2024-02-09 20:40:43,933 INFO o.a.j.r.ClassFinder: Will scan jar /opt/homebrew/Cellar/jmeter/5.6.3/libexec/lib/ext/jmeter-plugins-manager-1.9.jar with filter ExtendsClassFilter [parents=[interface org.apache.jmeter.visualizers.RequestView], inner=false, contains=null, notContains=null]. Consider exposing JMeter plugins via META-INF/services, and add JMeter-Skip-Class-Scanning=true manifest attribute so JMeter can skip classfile scanning
2024-02-09 20:40:43,994 INFO o.a.j.s.FileServer: Set new base='/Users/aomsinqw/Downloads'
2024-02-09 20:47:10,371 INFO o.a.j.e.StandardJMeterEngine: Running the test!
2024-02-09 20:47:10,373 INFO o.a.j.s.SampleEvent: List of sample_variables: []
2024-02-09 20:47:10,373 INFO o.a.j.s.SampleEvent: List of sample_variables: []
2024-02-09 20:47:10,373 INFO o.a.j.e.u.CompoundVariable: Note: Function class names must contain the string: '.functions.'
2024-02-09 20:47:10,373 INFO o.a.j.e.u.CompoundVariable: Note: Function class names must not contain the string: '.gui.'
2024-02-09 20:47:10,405 INFO o.a.j.r.ClassFinder: Will scan jar /opt/homebrew/Cellar/jmeter/5.6.3/libexec/lib/ext/jmeter-plugins-manager-1.9.jar with filter ExtendsClassFilter [parents=[interface org.apache.jmeter.functions.Function], inner=false, contains=null, notContains=null]. Consider exposing JMeter plugins via META-INF/services, and add JMeter-Skip-Class-Scanning=true manifest attribute so JMeter can skip classfile scanning
2024-02-09 20:47:10,410 INFO o.a.j.g.u.JMeterMenuBar: setRunning(true, *local*)
2024-02-09 20:47:10,448 INFO o.a.j.e.StandardJMeterEngine: Starting ThreadGroup: 1 : Scenario 1
2024-02-09 20:47:10,449 INFO o.a.j.e.StandardJMeterEngine: Starting 100 threads for group Scenario 1.
2024-02-09 20:47:10,449 INFO o.a.j.e.StandardJMeterEngine: Thread will continue on error
2024-02-09 20:47:10,449 INFO o.a.j.t.ThreadGroup: Starting thread group... number=1 threads=100 ramp-up=5 delayedStart=false
2024-02-09 20:47:10,450 INFO o.a.j.t.JMeterThread: Thread started: Scenario 1 1-1
2024-02-09 20:47:10,457 INFO o.a.j.p.h.s.HTTPHCAbstractImpl: Local host = Aomsinqws-MacBook-Pro.local
2024-02-09 20:47:10,462 INFO o.a.j.p.h.s.HTTPHC4Impl: HTTP request retry count = 0
2024-02-09 20:47:10,466 INFO o.a.j.t.ThreadGroup: Started thread group number 1
2024-02-09 20:47:10,466 INFO o.a.j.e.StandardJMeterEngine: All thread groups have been started
2024-02-09 20:47:10,501 INFO o.a.j.t.JMeterThread: Thread started: Scenario 1 1-2
2024-02-09 20:47:10,517 INFO o.a.j.t.JMeterThread: Thread is done: Scenario 1 1-1
2024-02-09 20:47:10,518 INFO o.a.j.t.JMeterThread: Thread finished: Scenario 1 1-1
2024-02-09 20:47:10,529 INFO o.a.j.t.JMeterThread: Thread is done: Scenario 1 1-2
2024-02-09 20:47:10,529 INFO o.a.j.t.JMeterThread: Thread finished: Scenario 1 1-2
2024-02-09 20:47:10,555 INFO o.a.j.t.JMeterThread: Thread started: Scenario 1 1-3
2024-02-09 20:47:10,583 INFO o.a.j.t.JMeterThread: Thread is done: Scenario 1 1-3
2024-02-09 20:47:10,583 INFO o.a.j.t.JMeterThread: Thread finished: Scenario 1 1-3
2024-02-09 20:47:10,605 INFO o.a.j.t.JMeterThread: Thread started: Scenario 1 1-4
2024-02-09 20:47:10,634 INFO o.a.j.t.JMeterThread: Thread is done: Scenario 1 1-4
2024-02-09 20:47:10,634 INFO o.a.j.t.JMeterThread: Thread finished: Scenario 1 1-4
2024-02-09 20:47:10,654 INFO o.a.j.t.JMeterThread: Thread started: Scenario 1 1-5
2024-02-09 20:47:10,677 INFO o.a.j.t.JMeterThread: Thread is done: Scenario 1 1-5
2024-02-09 20:47:10,677 INFO o.a.j.t.JMeterThread: Thread finished: Scenario 1 1-5
2024-02-09 20:47:10,704 INFO o.a.j.t.JMeterThread: Thread started: Scenario 1 1-6
2024-02-09 20:47:10,726 INFO o.a.j.t.JMeterThread: Thread is done: Scenario 1 1-6
2024-02-09 20:47:10,726 INFO o.a.j.t.JMeterThread: Thread finished: Scenario 1 1-6
2024-02-09 20:47:10,755 INFO o.a.j.t.JMeterThread: Thread started: Scenario 1 1-7
2024-02-09 20:47:10,774 INFO o.a.j.t.JMeterThread: Thread is done: Scenario 1 1-7
2024-02-09 20:47:10,774 INFO o.a.j.t.JMeterThread: Thread finished: Scenario 1 1-7
2024-02-09 20:47:10,804 INFO o.a.j.t.JMeterThread: Thread started: Scenario 1 1-8
2024-02-09 20:47:10,825 INFO o.a.j.t.JMeterThread: Thread is done: Scenario 1 1-8
2024-02-09 20:47:10,825 INFO o.a.j.t.JMeterThread: Thread finished: Scenario 1 1-8
2024-02-09 20:47:10,854 INFO o.a.j.t.JMeterThread: Thread started: Scenario 1 1-9
2024-02-09 20:47:10,873 INFO o.a.j.t.JMeterThread: Thread is done: Scenario 1 1-9
2024-02-09 20:47:10,873 INFO o.a.j.t.JMeterThread: Thread finished: Scenario 1 1-9
2024-02-09 20:47:10,900 INFO o.a.j.t.JMeterThread: Thread started: Scenario 1 1-10
2024-02-09 20:47:10,919 INFO o.a.j.t.JMeterThread: Thread is done: Scenario 1 1-10
2024-02-09 20:47:10,919 INFO o.a.j.t.JMeterThread: Thread finished: Scenario 1 1-10
2024-02-09 20:47:10,955 INFO o.a.j.t.JMeterThread: Thread started: Scenario 1 1-11
2024-02-09 20:47:10,978 INFO o.a.j.t.JMeterThread: Thread is done: Scenario 1 1-11
2024-02-09 20:47:10,978 INFO o.a.j.t.JMeterThread: Thread finished: Scenario 1 1-11
2024-02-09 20:47:11,004 INFO o.a.j.t.JMeterThread: Thread started: Scenario 1 1-12
2024-02-09 20:47:11,022 INFO o.a.j.t.JMeterThread: Thread is done: Scenario 1 1-12
2024-02-09 20:47:11,022 INFO o.a.j.t.JMeterThread: Thread finished: Scenario 1 1-12
2024-02-09 20:47:11,050 INFO o.a.j.t.JMeterThread: Thread started: Scenario 1 1-13
2024-02-09 20:47:11,101 INFO o.a.j.t.JMeterThread: Thread started: Scenario 1 1-14
2024-02-09 20:47:11,102 INFO o.a.j.t.JMeterThread: Thread is done: Scenario 1 1-13
2024-02-09 20:47:11,102 INFO o.a.j.t.JMeterThread: Thread finished: Scenario 1 1-13
2024-02-09 20:47:11,117 INFO o.a.j.t.JMeterThread: Thread is done: Scenario 1 1-14
2024-02-09 20:47:11,117 INFO o.a.j.t.JMeterThread: Thread finished: Scenario 1 1-14
2024-02-09 20:47:11,154 INFO o.a.j.t.JMeterThread: Thread started: Scenario 1 1-15
2024-02-09 20:47:11,174 INFO o.a.j.t.JMeterThread: Thread is done: Scenario 1 1-15
2024-02-09 20:47:11,174 INFO o.a.j.t.JMeterThread: Thread finished: Scenario 1 1-15
2024-02-09 20:47:11,205 INFO o.a.j.t.JMeterThread: Thread started: Scenario 1 1-16
2024-02-09 20:47:11,230 INFO o.a.j.t.JMeterThread: Thread is done: Scenario 1 1-16
2024-02-09 20:47:11,230 INFO o.a.j.t.JMeterThread: Thread finished: Scenario 1 1-16
2024-02-09 20:47:11,255 INFO o.a.j.t.JMeterThread: Thread started: Scenario 1 1-17
2024-02-09 20:47:11,271 INFO o.a.j.t.JMeterThread: Thread is done: Scenario 1 1-17
2024-02-09 20:47:11,271 INFO o.a.j.t.JMeterThread: Thread finished: Scenario 1 1-17
2024-02-09 20:47:11,304 INFO o.a.j.t.JMeterThread: Thread started: Scenario 1 1-18
2024-02-09 20:47:11,321 INFO o.a.j.t.JMeterThread: Thread is done: Scenario 1 1-18
2024-02-09 20:47:11,321 INFO o.a.j.t.JMeterThread: Thread finished: Scenario 1 1-18
2024-02-09 20:47:11,353 INFO o.a.j.t.JMeterThread: Thread started: Scenario 1 1-19
2024-02-09 20:47:11,369 INFO o.a.j.t.JMeterThread: Thread is done: Scenario 1 1-19
2024-02-09 20:47:11,370 INFO o.a.j.t.JMeterThread: Thread finished: Scenario 1 1-19
2024-02-09 20:47:11,404 INFO o.a.j.t.JMeterThread: Thread started: Scenario 1 1-20
2024-02-09 20:47:11,421 INFO o.a.j.t.JMeterThread: Thread is done: Scenario 1 1-20
2024-02-09 20:47:11,421 INFO o.a.j.t.JMeterThread: Thread finished: Scenario 1 1-20
2024-02-09 20:47:11,455 INFO o.a.j.t.JMeterThread: Thread started: Scenario 1 1-21
2024-02-09 20:47:11,470 INFO o.a.j.t.JMeterThread: Thread is done: Scenario 1 1-21
2024-02-09 20:47:11,471 INFO o.a.j.t.JMeterThread: Thread finished: Scenario 1 1-21
2024-02-09 20:47:11,505 INFO o.a.j.t.JMeterThread: Thread started: Scenario 1 1-22
2024-02-09 20:47:11,522 INFO o.a.j.t.JMeterThread: Thread is done: Scenario 1 1-22
2024-02-09 20:47:11,523 INFO o.a.j.t.JMeterThread: Thread finished: Scenario 1 1-22
2024-02-09 20:47:11,554 INFO o.a.j.t.JMeterThread: Thread started: Scenario 1 1-23
2024-02-09 20:47:11,599 INFO o.a.j.t.JMeterThread: Thread is done: Scenario 1 1-23
2024-02-09 20:47:11,599 INFO o.a.j.t.JMeterThread: Thread finished: Scenario 1 1-23
2024-02-09 20:47:11,604 INFO o.a.j.t.JMeterThread: Thread started: Scenario 1 1-24
2024-02-09 20:47:11,622 INFO o.a.j.t.JMeterThread: Thread is done: Scenario 1 1-24
2024-02-09 20:47:11,622 INFO o.a.j.t.JMeterThread: Thread finished: Scenario 1 1-24
2024-02-09 20:47:11,653 INFO o.a.j.t.JMeterThread: Thread started: Scenario 1 1-25
2024-02-09 20:47:11,670 INFO o.a.j.t.JMeterThread: Thread is done: Scenario 1 1-25
2024-02-09 20:47:11,670 INFO o.a.j.t.JMeterThread: Thread finished: Scenario 1 1-25
2024-02-09 20:47:11,703 INFO o.a.j.t.JMeterThread: Thread started: Scenario 1 1-26
2024-02-09 20:47:11,728 INFO o.a.j.t.JMeterThread: Thread is done: Scenario 1 1-26
2024-02-09 20:47:11,728 INFO o.a.j.t.JMeterThread: Thread finished: Scenario 1 1-26
2024-02-09 20:47:11,754 INFO o.a.j.t.JMeterThread: Thread started: Scenario 1 1-27
2024-02-09 20:47:11,771 INFO o.a.j.t.JMeterThread: Thread is done: Scenario 1 1-27
2024-02-09 20:47:11,771 INFO o.a.j.t.JMeterThread: Thread finished: Scenario 1 1-27
2024-02-09 20:47:11,804 INFO o.a.j.t.JMeterThread: Thread started: Scenario 1 1-28
2024-02-09 20:47:11,820 INFO o.a.j.t.JMeterThread: Thread is done: Scenario 1 1-28
2024-02-09 20:47:11,820 INFO o.a.j.t.JMeterThread: Thread finished: Scenario 1 1-28
2024-02-09 20:47:11,854 INFO o.a.j.t.JMeterThread: Thread started: Scenario 1 1-29
2024-02-09 20:47:11,872 INFO o.a.j.t.JMeterThread: Thread is done: Scenario 1 1-29
2024-02-09 20:47:11,872 INFO o.a.j.t.JMeterThread: Thread finished: Scenario 1 1-29
2024-02-09 20:47:11,905 INFO o.a.j.t.JMeterThread: Thread started: Scenario 1 1-30
2024-02-09 20:47:11,920 INFO o.a.j.t.JMeterThread: Thread is done: Scenario 1 1-30
2024-02-09 20:47:11,920 INFO o.a.j.t.JMeterThread: Thread finished: Scenario 1 1-30
2024-02-09 20:47:11,954 INFO o.a.j.t.JMeterThread: Thread started: Scenario 1 1-31
2024-02-09 20:47:11,970 INFO o.a.j.t.JMeterThread: Thread is done: Scenario 1 1-31
2024-02-09 20:47:11,970 INFO o.a.j.t.JMeterThread: Thread finished: Scenario 1 1-31
2024-02-09 20:47:12,004 INFO o.a.j.t.JMeterThread: Thread started: Scenario 1 1-32
2024-02-09 20:47:12,017 INFO o.a.j.t.JMeterThread: Thread is done: Scenario 1 1-32
2024-02-09 20:47:12,017 INFO o.a.j.t.JMeterThread: Thread finished: Scenario 1 1-32
2024-02-09 20:47:12,055 INFO o.a.j.t.JMeterThread: Thread started: Scenario 1 1-33
2024-02-09 20:47:12,099 INFO o.a.j.t.JMeterThread: Thread is done: Scenario 1 1-33
2024-02-09 20:47:12,099 INFO o.a.j.t.JMeterThread: Thread finished: Scenario 1 1-33
2024-02-09 20:47:12,105 INFO o.a.j.t.JMeterThread: Thread started: Scenario 1 1-34
2024-02-09 20:47:12,120 INFO o.a.j.t.JMeterThread: Thread is done: Scenario 1 1-34
2024-02-09 20:47:12,120 INFO o.a.j.t.JMeterThread: Thread finished: Scenario 1 1-34
2024-02-09 20:47:12,155 INFO o.a.j.t.JMeterThread: Thread started: Scenario 1 1-35
2024-02-09 20:47:12,167 INFO o.a.j.t.JMeterThread: Thread is done: Scenario 1 1-35
2024-02-09 20:47:12,167 INFO o.a.j.t.JMeterThread: Thread finished: Scenario 1 1-35
2024-02-09 20:47:12,204 INFO o.a.j.t.JMeterThread: Thread started: Scenario 1 1-36
2024-02-09 20:47:12,218 INFO o.a.j.t.JMeterThread: Thread is done: Scenario 1 1-36
2024-02-09 20:47:12,218 INFO o.a.j.t.JMeterThread: Thread finished: Scenario 1 1-36
2024-02-09 20:47:12,254 INFO o.a.j.t.JMeterThread: Thread started: Scenario 1 1-37
2024-02-09 20:47:12,268 INFO o.a.j.t.JMeterThread: Thread is done: Scenario 1 1-37
2024-02-09 20:47:12,268 INFO o.a.j.t.JMeterThread: Thread finished: Scenario 1 1-37
2024-02-09 20:47:12,304 INFO o.a.j.t.JMeterThread: Thread started: Scenario 1 1-38
2024-02-09 20:47:12,315 INFO o.a.j.t.JMeterThread: Thread is done: Scenario 1 1-38
2024-02-09 20:47:12,316 INFO o.a.j.t.JMeterThread: Thread finished: Scenario 1 1-38
2024-02-09 20:47:12,354 INFO o.a.j.t.JMeterThread: Thread started: Scenario 1 1-39
2024-02-09 20:47:12,366 INFO o.a.j.t.JMeterThread: Thread is done: Scenario 1 1-39
2024-02-09 20:47:12,367 INFO o.a.j.t.JMeterThread: Thread finished: Scenario 1 1-39
2024-02-09 20:47:12,404 INFO o.a.j.t.JMeterThread: Thread started: Scenario 1 1-40
2024-02-09 20:47:12,417 INFO o.a.j.t.JMeterThread: Thread is done: Scenario 1 1-40
2024-02-09 20:47:12,417 INFO o.a.j.t.JMeterThread: Thread finished: Scenario 1 1-40
2024-02-09 20:47:12,454 INFO o.a.j.t.JMeterThread: Thread started: Scenario 1 1-41
2024-02-09 20:47:12,469 INFO o.a.j.t.JMeterThread: Thread is done: Scenario 1 1-41
2024-02-09 20:47:12,469 INFO o.a.j.t.JMeterThread: Thread finished: Scenario 1 1-41
2024-02-09 20:47:12,504 INFO o.a.j.t.JMeterThread: Thread started: Scenario 1 1-42
2024-02-09 20:47:12,516 INFO o.a.j.t.JMeterThread: Thread is done: Scenario 1 1-42
2024-02-09 20:47:12,516 INFO o.a.j.t.JMeterThread: Thread finished: Scenario 1 1-42
2024-02-09 20:47:12,554 INFO o.a.j.t.JMeterThread: Thread started: Scenario 1 1-43
2024-02-09 20:47:12,593 INFO o.a.j.t.JMeterThread: Thread is done: Scenario 1 1-43
2024-02-09 20:47:12,594 INFO o.a.j.t.JMeterThread: Thread finished: Scenario 1 1-43
2024-02-09 20:47:12,605 INFO o.a.j.t.JMeterThread: Thread started: Scenario 1 1-44
2024-02-09 20:47:12,618 INFO o.a.j.t.JMeterThread: Thread is done: Scenario 1 1-44
2024-02-09 20:47:12,619 INFO o.a.j.t.JMeterThread: Thread finished: Scenario 1 1-44
2024-02-09 20:47:12,654 INFO o.a.j.t.JMeterThread: Thread started: Scenario 1 1-45
2024-02-09 20:47:12,667 INFO o.a.j.t.JMeterThread: Thread is done: Scenario 1 1-45
2024-02-09 20:47:12,667 INFO o.a.j.t.JMeterThread: Thread finished: Scenario 1 1-45
2024-02-09 20:47:12,704 INFO o.a.j.t.JMeterThread: Thread started: Scenario 1 1-46
2024-02-09 20:47:12,717 INFO o.a.j.t.JMeterThread: Thread is done: Scenario 1 1-46
2024-02-09 20:47:12,717 INFO o.a.j.t.JMeterThread: Thread finished: Scenario 1 1-46
2024-02-09 20:47:12,754 INFO o.a.j.t.JMeterThread: Thread started: Scenario 1 1-47
2024-02-09 20:47:12,766 INFO o.a.j.t.JMeterThread: Thread is done: Scenario 1 1-47
2024-02-09 20:47:12,766 INFO o.a.j.t.JMeterThread: Thread finished: Scenario 1 1-47
2024-02-09 20:47:12,800 INFO o.a.j.t.JMeterThread: Thread started: Scenario 1 1-48
2024-02-09 20:47:12,811 INFO o.a.j.t.JMeterThread: Thread is done: Scenario 1 1-48
2024-02-09 20:47:12,811 INFO o.a.j.t.JMeterThread: Thread finished: Scenario 1 1-48
2024-02-09 20:47:12,854 INFO o.a.j.t.JMeterThread: Thread started: Scenario 1 1-49
2024-02-09 20:47:12,866 INFO o.a.j.t.JMeterThread: Thread is done: Scenario 1 1-49
2024-02-09 20:47:12,866 INFO o.a.j.t.JMeterThread: Thread finished: Scenario 1 1-49
2024-02-09 20:47:12,904 INFO o.a.j.t.JMeterThread: Thread started: Scenario 1 1-50
2024-02-09 20:47:12,916 INFO o.a.j.t.JMeterThread: Thread is done: Scenario 1 1-50
2024-02-09 20:47:12,916 INFO o.a.j.t.JMeterThread: Thread finished: Scenario 1 1-50
2024-02-09 20:47:12,954 INFO o.a.j.t.JMeterThread: Thread started: Scenario 1 1-51
2024-02-09 20:47:12,966 INFO o.a.j.t.JMeterThread: Thread is done: Scenario 1 1-51
2024-02-09 20:47:12,966 INFO o.a.j.t.JMeterThread: Thread finished: Scenario 1 1-51
2024-02-09 20:47:13,004 INFO o.a.j.t.JMeterThread: Thread started: Scenario 1 1-52
2024-02-09 20:47:13,016 INFO o.a.j.t.JMeterThread: Thread is done: Scenario 1 1-52
2024-02-09 20:47:13,016 INFO o.a.j.t.JMeterThread: Thread finished: Scenario 1 1-52
2024-02-09 20:47:13,054 INFO o.a.j.t.JMeterThread: Thread started: Scenario 1 1-53
2024-02-09 20:47:13,066 INFO o.a.j.t.JMeterThread: Thread is done: Scenario 1 1-53
2024-02-09 20:47:13,066 INFO o.a.j.t.JMeterThread: Thread finished: Scenario 1 1-53
2024-02-09 20:47:13,105 INFO o.a.j.t.JMeterThread: Thread started: Scenario 1 1-54
2024-02-09 20:47:13,120 INFO o.a.j.t.JMeterThread: Thread is done: Scenario 1 1-54
2024-02-09 20:47:13,120 INFO o.a.j.t.JMeterThread: Thread finished: Scenario 1 1-54
2024-02-09 20:47:13,151 INFO o.a.j.t.JMeterThread: Thread started: Scenario 1 1-55
2024-02-09 20:47:13,163 INFO o.a.j.t.JMeterThread: Thread is done: Scenario 1 1-55
2024-02-09 20:47:13,164 INFO o.a.j.t.JMeterThread: Thread finished: Scenario 1 1-55
2024-02-09 20:47:13,204 INFO o.a.j.t.JMeterThread: Thread started: Scenario 1 1-56
2024-02-09 20:47:13,217 INFO o.a.j.t.JMeterThread: Thread is done: Scenario 1 1-56
2024-02-09 20:47:13,217 INFO o.a.j.t.JMeterThread: Thread finished: Scenario 1 1-56
2024-02-09 20:47:13,254 INFO o.a.j.t.JMeterThread: Thread started: Scenario 1 1-57
2024-02-09 20:47:13,275 INFO o.a.j.t.JMeterThread: Thread is done: Scenario 1 1-57
2024-02-09 20:47:13,275 INFO o.a.j.t.JMeterThread: Thread finished: Scenario 1 1-57
2024-02-09 20:47:13,304 INFO o.a.j.t.JMeterThread: Thread started: Scenario 1 1-58
2024-02-09 20:47:13,316 INFO o.a.j.t.JMeterThread: Thread is done: Scenario 1 1-58
2024-02-09 20:47:13,316 INFO o.a.j.t.JMeterThread: Thread finished: Scenario 1 1-58
2024-02-09 20:47:13,354 INFO o.a.j.t.JMeterThread: Thread started: Scenario 1 1-59
2024-02-09 20:47:13,368 INFO o.a.j.t.JMeterThread: Thread is done: Scenario 1 1-59
2024-02-09 20:47:13,368 INFO o.a.j.t.JMeterThread: Thread finished: Scenario 1 1-59
2024-02-09 20:47:13,405 INFO o.a.j.t.JMeterThread: Thread started: Scenario 1 1-60
2024-02-09 20:47:13,416 INFO o.a.j.t.JMeterThread: Thread is done: Scenario 1 1-60
2024-02-09 20:47:13,417 INFO o.a.j.t.JMeterThread: Thread finished: Scenario 1 1-60
2024-02-09 20:47:13,454 INFO o.a.j.t.JMeterThread: Thread started: Scenario 1 1-61
2024-02-09 20:47:13,465 INFO o.a.j.t.JMeterThread: Thread is done: Scenario 1 1-61
2024-02-09 20:47:13,465 INFO o.a.j.t.JMeterThread: Thread finished: Scenario 1 1-61
2024-02-09 20:47:13,503 INFO o.a.j.t.JMeterThread: Thread started: Scenario 1 1-62
2024-02-09 20:47:13,515 INFO o.a.j.t.JMeterThread: Thread is done: Scenario 1 1-62
2024-02-09 20:47:13,515 INFO o.a.j.t.JMeterThread: Thread finished: Scenario 1 1-62
2024-02-09 20:47:13,554 INFO o.a.j.t.JMeterThread: Thread started: Scenario 1 1-63
2024-02-09 20:47:13,565 INFO o.a.j.t.JMeterThread: Thread is done: Scenario 1 1-63
2024-02-09 20:47:13,566 INFO o.a.j.t.JMeterThread: Thread finished: Scenario 1 1-63
2024-02-09 20:47:13,599 INFO o.a.j.t.JMeterThread: Thread started: Scenario 1 1-64
2024-02-09 20:47:13,610 INFO o.a.j.t.JMeterThread: Thread is done: Scenario 1 1-64
2024-02-09 20:47:13,610 INFO o.a.j.t.JMeterThread: Thread finished: Scenario 1 1-64
2024-02-09 20:47:13,654 INFO o.a.j.t.JMeterThread: Thread started: Scenario 1 1-65
2024-02-09 20:47:13,666 INFO o.a.j.t.JMeterThread: Thread is done: Scenario 1 1-65
2024-02-09 20:47:13,666 INFO o.a.j.t.JMeterThread: Thread finished: Scenario 1 1-65
2024-02-09 20:47:13,704 INFO o.a.j.t.JMeterThread: Thread started: Scenario 1 1-66
2024-02-09 20:47:13,716 INFO o.a.j.t.JMeterThread: Thread is done: Scenario 1 1-66
2024-02-09 20:47:13,716 INFO o.a.j.t.JMeterThread: Thread finished: Scenario 1 1-66
2024-02-09 20:47:13,754 INFO o.a.j.t.JMeterThread: Thread started: Scenario 1 1-67
2024-02-09 20:47:13,767 INFO o.a.j.t.JMeterThread: Thread is done: Scenario 1 1-67
2024-02-09 20:47:13,767 INFO o.a.j.t.JMeterThread: Thread finished: Scenario 1 1-67
2024-02-09 20:47:13,806 INFO o.a.j.t.JMeterThread: Thread started: Scenario 1 1-68
2024-02-09 20:47:13,818 INFO o.a.j.t.JMeterThread: Thread is done: Scenario 1 1-68
2024-02-09 20:47:13,818 INFO o.a.j.t.JMeterThread: Thread finished: Scenario 1 1-68
2024-02-09 20:47:13,855 INFO o.a.j.t.JMeterThread: Thread started: Scenario 1 1-69
2024-02-09 20:47:13,867 INFO o.a.j.t.JMeterThread: Thread is done: Scenario 1 1-69
2024-02-09 20:47:13,867 INFO o.a.j.t.JMeterThread: Thread finished: Scenario 1 1-69
2024-02-09 20:47:13,905 INFO o.a.j.t.JMeterThread: Thread started: Scenario 1 1-70
2024-02-09 20:47:13,919 INFO o.a.j.t.JMeterThread: Thread is done: Scenario 1 1-70
2024-02-09 20:47:13,919 INFO o.a.j.t.JMeterThread: Thread finished: Scenario 1 1-70
2024-02-09 20:47:13,954 INFO o.a.j.t.JMeterThread: Thread started: Scenario 1 1-71
2024-02-09 20:47:13,966 INFO o.a.j.t.JMeterThread: Thread is done: Scenario 1 1-71
2024-02-09 20:47:13,966 INFO o.a.j.t.JMeterThread: Thread finished: Scenario 1 1-71
2024-02-09 20:47:14,002 INFO o.a.j.t.JMeterThread: Thread started: Scenario 1 1-72
2024-02-09 20:47:14,014 INFO o.a.j.t.JMeterThread: Thread is done: Scenario 1 1-72
2024-02-09 20:47:14,014 INFO o.a.j.t.JMeterThread: Thread finished: Scenario 1 1-72
2024-02-09 20:47:14,054 INFO o.a.j.t.JMeterThread: Thread started: Scenario 1 1-73
2024-02-09 20:47:14,066 INFO o.a.j.t.JMeterThread: Thread is done: Scenario 1 1-73
2024-02-09 20:47:14,066 INFO o.a.j.t.JMeterThread: Thread finished: Scenario 1 1-73
2024-02-09 20:47:14,104 INFO o.a.j.t.JMeterThread: Thread started: Scenario 1 1-74
2024-02-09 20:47:14,118 INFO o.a.j.t.JMeterThread: Thread is done: Scenario 1 1-74
2024-02-09 20:47:14,118 INFO o.a.j.t.JMeterThread: Thread finished: Scenario 1 1-74
2024-02-09 20:47:14,154 INFO o.a.j.t.JMeterThread: Thread started: Scenario 1 1-75
2024-02-09 20:47:14,166 INFO o.a.j.t.JMeterThread: Thread is done: Scenario 1 1-75
2024-02-09 20:47:14,166 INFO o.a.j.t.JMeterThread: Thread finished: Scenario 1 1-75
2024-02-09 20:47:14,204 INFO o.a.j.t.JMeterThread: Thread started: Scenario 1 1-76
2024-02-09 20:47:14,216 INFO o.a.j.t.JMeterThread: Thread is done: Scenario 1 1-76
2024-02-09 20:47:14,217 INFO o.a.j.t.JMeterThread: Thread finished: Scenario 1 1-76
2024-02-09 20:47:14,255 INFO o.a.j.t.JMeterThread: Thread started: Scenario 1 1-77
2024-02-09 20:47:14,274 INFO o.a.j.t.JMeterThread: Thread is done: Scenario 1 1-77
2024-02-09 20:47:14,274 INFO o.a.j.t.JMeterThread: Thread finished: Scenario 1 1-77
2024-02-09 20:47:14,305 INFO o.a.j.t.JMeterThread: Thread started: Scenario 1 1-78
2024-02-09 20:47:14,317 INFO o.a.j.t.JMeterThread: Thread is done: Scenario 1 1-78
2024-02-09 20:47:14,317 INFO o.a.j.t.JMeterThread: Thread finished: Scenario 1 1-78
2024-02-09 20:47:14,354 INFO o.a.j.t.JMeterThread: Thread started: Scenario 1 1-79
2024-02-09 20:47:14,366 INFO o.a.j.t.JMeterThread: Thread is done: Scenario 1 1-79
2024-02-09 20:47:14,367 INFO o.a.j.t.JMeterThread: Thread finished: Scenario 1 1-79
2024-02-09 20:47:14,405 INFO o.a.j.t.JMeterThread: Thread started: Scenario 1 1-80
2024-02-09 20:47:14,417 INFO o.a.j.t.JMeterThread: Thread is done: Scenario 1 1-80
2024-02-09 20:47:14,417 INFO o.a.j.t.JMeterThread: Thread finished: Scenario 1 1-80
2024-02-09 20:47:14,454 INFO o.a.j.t.JMeterThread: Thread started: Scenario 1 1-81
2024-02-09 20:47:14,467 INFO o.a.j.t.JMeterThread: Thread is done: Scenario 1 1-81
2024-02-09 20:47:14,467 INFO o.a.j.t.JMeterThread: Thread finished: Scenario 1 1-81
2024-02-09 20:47:14,504 INFO o.a.j.t.JMeterThread: Thread started: Scenario 1 1-82
2024-02-09 20:47:14,516 INFO o.a.j.t.JMeterThread: Thread is done: Scenario 1 1-82
2024-02-09 20:47:14,516 INFO o.a.j.t.JMeterThread: Thread finished: Scenario 1 1-82
2024-02-09 20:47:14,554 INFO o.a.j.t.JMeterThread: Thread started: Scenario 1 1-83
2024-02-09 20:47:14,566 INFO o.a.j.t.JMeterThread: Thread is done: Scenario 1 1-83
2024-02-09 20:47:14,567 INFO o.a.j.t.JMeterThread: Thread finished: Scenario 1 1-83
2024-02-09 20:47:14,604 INFO o.a.j.t.JMeterThread: Thread started: Scenario 1 1-84
2024-02-09 20:47:14,621 INFO o.a.j.t.JMeterThread: Thread is done: Scenario 1 1-84
2024-02-09 20:47:14,621 INFO o.a.j.t.JMeterThread: Thread finished: Scenario 1 1-84
2024-02-09 20:47:14,654 INFO o.a.j.t.JMeterThread: Thread started: Scenario 1 1-85
2024-02-09 20:47:14,665 INFO o.a.j.t.JMeterThread: Thread is done: Scenario 1 1-85
2024-02-09 20:47:14,666 INFO o.a.j.t.JMeterThread: Thread finished: Scenario 1 1-85
2024-02-09 20:47:14,704 INFO o.a.j.t.JMeterThread: Thread started: Scenario 1 1-86
2024-02-09 20:47:14,715 INFO o.a.j.t.JMeterThread: Thread is done: Scenario 1 1-86
2024-02-09 20:47:14,715 INFO o.a.j.t.JMeterThread: Thread finished: Scenario 1 1-86
2024-02-09 20:47:14,755 INFO o.a.j.t.JMeterThread: Thread started: Scenario 1 1-87
2024-02-09 20:47:14,767 INFO o.a.j.t.JMeterThread: Thread is done: Scenario 1 1-87
2024-02-09 20:47:14,767 INFO o.a.j.t.JMeterThread: Thread finished: Scenario 1 1-87
2024-02-09 20:47:14,805 INFO o.a.j.t.JMeterThread: Thread started: Scenario 1 1-88
2024-02-09 20:47:14,817 INFO o.a.j.t.JMeterThread: Thread is done: Scenario 1 1-88
2024-02-09 20:47:14,818 INFO o.a.j.t.JMeterThread: Thread finished: Scenario 1 1-88
2024-02-09 20:47:14,854 INFO o.a.j.t.JMeterThread: Thread started: Scenario 1 1-89
2024-02-09 20:47:14,864 INFO o.a.j.t.JMeterThread: Thread is done: Scenario 1 1-89
2024-02-09 20:47:14,864 INFO o.a.j.t.JMeterThread: Thread finished: Scenario 1 1-89
2024-02-09 20:47:14,904 INFO o.a.j.t.JMeterThread: Thread started: Scenario 1 1-90
2024-02-09 20:47:14,916 INFO o.a.j.t.JMeterThread: Thread is done: Scenario 1 1-90
2024-02-09 20:47:14,916 INFO o.a.j.t.JMeterThread: Thread finished: Scenario 1 1-90
2024-02-09 20:47:14,954 INFO o.a.j.t.JMeterThread: Thread started: Scenario 1 1-91
2024-02-09 20:47:14,966 INFO o.a.j.t.JMeterThread: Thread is done: Scenario 1 1-91
2024-02-09 20:47:14,966 INFO o.a.j.t.JMeterThread: Thread finished: Scenario 1 1-91
2024-02-09 20:47:15,000 INFO o.a.j.t.JMeterThread: Thread started: Scenario 1 1-92
2024-02-09 20:47:15,012 INFO o.a.j.t.JMeterThread: Thread is done: Scenario 1 1-92
2024-02-09 20:47:15,012 INFO o.a.j.t.JMeterThread: Thread finished: Scenario 1 1-92
2024-02-09 20:47:15,054 INFO o.a.j.t.JMeterThread: Thread started: Scenario 1 1-93
2024-02-09 20:47:15,068 INFO o.a.j.t.JMeterThread: Thread is done: Scenario 1 1-93
2024-02-09 20:47:15,068 INFO o.a.j.t.JMeterThread: Thread finished: Scenario 1 1-93
2024-02-09 20:47:15,105 INFO o.a.j.t.JMeterThread: Thread started: Scenario 1 1-94
2024-02-09 20:47:15,124 INFO o.a.j.t.JMeterThread: Thread is done: Scenario 1 1-94
2024-02-09 20:47:15,125 INFO o.a.j.t.JMeterThread: Thread finished: Scenario 1 1-94
2024-02-09 20:47:15,154 INFO o.a.j.t.JMeterThread: Thread started: Scenario 1 1-95
2024-02-09 20:47:15,167 INFO o.a.j.t.JMeterThread: Thread is done: Scenario 1 1-95
2024-02-09 20:47:15,167 INFO o.a.j.t.JMeterThread: Thread finished: Scenario 1 1-95
2024-02-09 20:47:15,204 INFO o.a.j.t.JMeterThread: Thread started: Scenario 1 1-96
2024-02-09 20:47:15,217 INFO o.a.j.t.JMeterThread: Thread is done: Scenario 1 1-96
2024-02-09 20:47:15,217 INFO o.a.j.t.JMeterThread: Thread finished: Scenario 1 1-96
2024-02-09 20:47:15,254 INFO o.a.j.t.JMeterThread: Thread started: Scenario 1 1-97
2024-02-09 20:47:15,267 INFO o.a.j.t.JMeterThread: Thread is done: Scenario 1 1-97
2024-02-09 20:47:15,267 INFO o.a.j.t.JMeterThread: Thread finished: Scenario 1 1-97
2024-02-09 20:47:15,304 INFO o.a.j.t.JMeterThread: Thread started: Scenario 1 1-98
2024-02-09 20:47:15,317 INFO o.a.j.t.JMeterThread: Thread is done: Scenario 1 1-98
2024-02-09 20:47:15,317 INFO o.a.j.t.JMeterThread: Thread finished: Scenario 1 1-98
2024-02-09 20:47:15,352 INFO o.a.j.t.JMeterThread: Thread started: Scenario 1 1-99
2024-02-09 20:47:15,364 INFO o.a.j.t.JMeterThread: Thread is done: Scenario 1 1-99
2024-02-09 20:47:15,364 INFO o.a.j.t.JMeterThread: Thread finished: Scenario 1 1-99
2024-02-09 20:47:15,405 INFO o.a.j.t.JMeterThread: Thread started: Scenario 1 1-100
2024-02-09 20:47:15,418 INFO o.a.j.t.JMeterThread: Thread is done: Scenario 1 1-100
2024-02-09 20:47:15,418 INFO o.a.j.t.JMeterThread: Thread finished: Scenario 1 1-100
2024-02-09 20:47:15,418 INFO o.a.j.e.StandardJMeterEngine: Notifying test listeners of end of test
2024-02-09 20:47:15,418 INFO o.a.j.g.u.JMeterMenuBar: setRunning(false, *local*)
2024-02-09 20:47:32,024 INFO o.a.j.e.StandardJMeterEngine: Running the test!
2024-02-09 20:47:32,024 INFO o.a.j.s.SampleEvent: List of sample_variables: []
2024-02-09 20:47:32,025 INFO o.a.j.g.u.JMeterMenuBar: setRunning(true, *local*)
2024-02-09 20:47:32,066 INFO o.a.j.e.StandardJMeterEngine: Starting ThreadGroup: 1 : Scenario 1
2024-02-09 20:47:32,066 INFO o.a.j.e.StandardJMeterEngine: Starting 100 threads for group Scenario 1.
2024-02-09 20:47:32,066 INFO o.a.j.e.StandardJMeterEngine: Thread will continue on error
2024-02-09 20:47:32,066 INFO o.a.j.t.ThreadGroup: Starting thread group... number=1 threads=100 ramp-up=5 delayedStart=false
2024-02-09 20:47:32,067 INFO o.a.j.t.JMeterThread: Thread started: Scenario 1 1-1
2024-02-09 20:47:32,082 INFO o.a.j.t.ThreadGroup: Started thread group number 1
2024-02-09 20:47:32,082 INFO o.a.j.e.StandardJMeterEngine: All thread groups have been started
2024-02-09 20:47:32,084 INFO o.a.j.t.JMeterThread: Thread is done: Scenario 1 1-1
2024-02-09 20:47:32,084 INFO o.a.j.t.JMeterThread: Thread finished: Scenario 1 1-1
2024-02-09 20:47:32,121 INFO o.a.j.t.JMeterThread: Thread started: Scenario 1 1-2
2024-02-09 20:47:32,132 INFO o.a.j.t.JMeterThread: Thread is done: Scenario 1 1-2
2024-02-09 20:47:32,132 INFO o.a.j.t.JMeterThread: Thread finished: Scenario 1 1-2
2024-02-09 20:47:32,172 INFO o.a.j.t.JMeterThread: Thread started: Scenario 1 1-3
2024-02-09 20:47:32,182 INFO o.a.j.t.JMeterThread: Thread is done: Scenario 1 1-3
2024-02-09 20:47:32,182 INFO o.a.j.t.JMeterThread: Thread finished: Scenario 1 1-3
2024-02-09 20:47:32,222 INFO o.a.j.t.JMeterThread: Thread started: Scenario 1 1-4
2024-02-09 20:47:32,259 INFO o.a.j.t.JMeterThread: Thread is done: Scenario 1 1-4
2024-02-09 20:47:32,259 INFO o.a.j.t.JMeterThread: Thread finished: Scenario 1 1-4
2024-02-09 20:47:32,269 INFO o.a.j.t.JMeterThread: Thread started: Scenario 1 1-5
2024-02-09 20:47:32,280 INFO o.a.j.t.JMeterThread: Thread is done: Scenario 1 1-5
2024-02-09 20:47:32,280 INFO o.a.j.t.JMeterThread: Thread finished: Scenario 1 1-5
2024-02-09 20:47:32,319 INFO o.a.j.t.JMeterThread: Thread started: Scenario 1 1-6
2024-02-09 20:47:32,331 INFO o.a.j.t.JMeterThread: Thread is done: Scenario 1 1-6
2024-02-09 20:47:32,331 INFO o.a.j.t.JMeterThread: Thread finished: Scenario 1 1-6
2024-02-09 20:47:32,371 INFO o.a.j.t.JMeterThread: Thread started: Scenario 1 1-7
2024-02-09 20:47:32,383 INFO o.a.j.t.JMeterThread: Thread is done: Scenario 1 1-7
2024-02-09 20:47:32,383 INFO o.a.j.t.JMeterThread: Thread finished: Scenario 1 1-7
2024-02-09 20:47:32,421 INFO o.a.j.t.JMeterThread: Thread started: Scenario 1 1-8
2024-02-09 20:47:32,434 INFO o.a.j.t.JMeterThread: Thread is done: Scenario 1 1-8
2024-02-09 20:47:32,434 INFO o.a.j.t.JMeterThread: Thread finished: Scenario 1 1-8
2024-02-09 20:47:32,471 INFO o.a.j.t.JMeterThread: Thread started: Scenario 1 1-9
2024-02-09 20:47:32,482 INFO o.a.j.t.JMeterThread: Thread is done: Scenario 1 1-9
2024-02-09 20:47:32,482 INFO o.a.j.t.JMeterThread: Thread finished: Scenario 1 1-9
2024-02-09 20:47:32,522 INFO o.a.j.t.JMeterThread: Thread started: Scenario 1 1-10
2024-02-09 20:47:32,532 INFO o.a.j.t.JMeterThread: Thread is done: Scenario 1 1-10
2024-02-09 20:47:32,532 INFO o.a.j.t.JMeterThread: Thread finished: Scenario 1 1-10
2024-02-09 20:47:32,572 INFO o.a.j.t.JMeterThread: Thread started: Scenario 1 1-11
2024-02-09 20:47:32,582 INFO o.a.j.t.JMeterThread: Thread is done: Scenario 1 1-11
2024-02-09 20:47:32,583 INFO o.a.j.t.JMeterThread: Thread finished: Scenario 1 1-11
2024-02-09 20:47:32,618 INFO o.a.j.t.JMeterThread: Thread started: Scenario 1 1-12
2024-02-09 20:47:32,628 INFO o.a.j.t.JMeterThread: Thread is done: Scenario 1 1-12
2024-02-09 20:47:32,629 INFO o.a.j.t.JMeterThread: Thread finished: Scenario 1 1-12
2024-02-09 20:47:32,672 INFO o.a.j.t.JMeterThread: Thread started: Scenario 1 1-13
2024-02-09 20:47:32,683 INFO o.a.j.t.JMeterThread: Thread is done: Scenario 1 1-13
2024-02-09 20:47:32,683 INFO o.a.j.t.JMeterThread: Thread finished: Scenario 1 1-13
2024-02-09 20:47:32,722 INFO o.a.j.t.JMeterThread: Thread started: Scenario 1 1-14
2024-02-09 20:47:32,754 INFO o.a.j.t.JMeterThread: Thread is done: Scenario 1 1-14
2024-02-09 20:47:32,754 INFO o.a.j.t.JMeterThread: Thread finished: Scenario 1 1-14
2024-02-09 20:47:32,771 INFO o.a.j.t.JMeterThread: Thread started: Scenario 1 1-15
2024-02-09 20:47:32,782 INFO o.a.j.t.JMeterThread: Thread is done: Scenario 1 1-15
2024-02-09 20:47:32,782 INFO o.a.j.t.JMeterThread: Thread finished: Scenario 1 1-15
2024-02-09 20:47:32,821 INFO o.a.j.t.JMeterThread: Thread started: Scenario 1 1-16
2024-02-09 20:47:32,833 INFO o.a.j.t.JMeterThread: Thread is done: Scenario 1 1-16
2024-02-09 20:47:32,833 INFO o.a.j.t.JMeterThread: Thread finished: Scenario 1 1-16
2024-02-09 20:47:32,871 INFO o.a.j.t.JMeterThread: Thread started: Scenario 1 1-17
2024-02-09 20:47:32,883 INFO o.a.j.t.JMeterThread: Thread is done: Scenario 1 1-17
2024-02-09 20:47:32,883 INFO o.a.j.t.JMeterThread: Thread finished: Scenario 1 1-17
2024-02-09 20:47:32,919 INFO o.a.j.t.JMeterThread: Thread started: Scenario 1 1-18
2024-02-09 20:47:32,929 INFO o.a.j.t.JMeterThread: Thread is done: Scenario 1 1-18
2024-02-09 20:47:32,929 INFO o.a.j.t.JMeterThread: Thread finished: Scenario 1 1-18
2024-02-09 20:47:32,971 INFO o.a.j.t.JMeterThread: Thread started: Scenario 1 1-19
2024-02-09 20:47:32,982 INFO o.a.j.t.JMeterThread: Thread is done: Scenario 1 1-19
2024-02-09 20:47:32,983 INFO o.a.j.t.JMeterThread: Thread finished: Scenario 1 1-19
2024-02-09 20:47:33,022 INFO o.a.j.t.JMeterThread: Thread started: Scenario 1 1-20
2024-02-09 20:47:33,033 INFO o.a.j.t.JMeterThread: Thread is done: Scenario 1 1-20
2024-02-09 20:47:33,033 INFO o.a.j.t.JMeterThread: Thread finished: Scenario 1 1-20
2024-02-09 20:47:33,072 INFO o.a.j.t.JMeterThread: Thread started: Scenario 1 1-21
2024-02-09 20:47:33,082 INFO o.a.j.t.JMeterThread: Thread is done: Scenario 1 1-21
2024-02-09 20:47:33,082 INFO o.a.j.t.JMeterThread: Thread finished: Scenario 1 1-21
2024-02-09 20:47:33,122 INFO o.a.j.t.JMeterThread: Thread started: Scenario 1 1-22
2024-02-09 20:47:33,132 INFO o.a.j.t.JMeterThread: Thread is done: Scenario 1 1-22
2024-02-09 20:47:33,132 INFO o.a.j.t.JMeterThread: Thread finished: Scenario 1 1-22
2024-02-09 20:47:33,171 INFO o.a.j.t.JMeterThread: Thread started: Scenario 1 1-23
2024-02-09 20:47:33,182 INFO o.a.j.t.JMeterThread: Thread is done: Scenario 1 1-23
2024-02-09 20:47:33,182 INFO o.a.j.t.JMeterThread: Thread finished: Scenario 1 1-23
2024-02-09 20:47:33,221 INFO o.a.j.t.JMeterThread: Thread started: Scenario 1 1-24
2024-02-09 20:47:33,254 INFO o.a.j.t.JMeterThread: Thread is done: Scenario 1 1-24
2024-02-09 20:47:33,254 INFO o.a.j.t.JMeterThread: Thread finished: Scenario 1 1-24
2024-02-09 20:47:33,272 INFO o.a.j.t.JMeterThread: Thread started: Scenario 1 1-25
2024-02-09 20:47:33,284 INFO o.a.j.t.JMeterThread: Thread is done: Scenario 1 1-25
2024-02-09 20:47:33,284 INFO o.a.j.t.JMeterThread: Thread finished: Scenario 1 1-25
2024-02-09 20:47:33,317 INFO o.a.j.t.JMeterThread: Thread started: Scenario 1 1-26
2024-02-09 20:47:33,328 INFO o.a.j.t.JMeterThread: Thread is done: Scenario 1 1-26
2024-02-09 20:47:33,328 INFO o.a.j.t.JMeterThread: Thread finished: Scenario 1 1-26
2024-02-09 20:47:33,371 INFO o.a.j.t.JMeterThread: Thread started: Scenario 1 1-27
2024-02-09 20:47:33,382 INFO o.a.j.t.JMeterThread: Thread is done: Scenario 1 1-27
2024-02-09 20:47:33,383 INFO o.a.j.t.JMeterThread: Thread finished: Scenario 1 1-27
2024-02-09 20:47:33,421 INFO o.a.j.t.JMeterThread: Thread started: Scenario 1 1-28
2024-02-09 20:47:33,436 INFO o.a.j.t.JMeterThread: Thread is done: Scenario 1 1-28
2024-02-09 20:47:33,436 INFO o.a.j.t.JMeterThread: Thread finished: Scenario 1 1-28
2024-02-09 20:47:33,471 INFO o.a.j.t.JMeterThread: Thread started: Scenario 1 1-29
2024-02-09 20:47:33,482 INFO o.a.j.t.JMeterThread: Thread is done: Scenario 1 1-29
2024-02-09 20:47:33,482 INFO o.a.j.t.JMeterThread: Thread finished: Scenario 1 1-29
2024-02-09 20:47:33,522 INFO o.a.j.t.JMeterThread: Thread started: Scenario 1 1-30
2024-02-09 20:47:33,534 INFO o.a.j.t.JMeterThread: Thread is done: Scenario 1 1-30
2024-02-09 20:47:33,534 INFO o.a.j.t.JMeterThread: Thread finished: Scenario 1 1-30
2024-02-09 20:47:33,571 INFO o.a.j.t.JMeterThread: Thread started: Scenario 1 1-31
2024-02-09 20:47:33,584 INFO o.a.j.t.JMeterThread: Thread is done: Scenario 1 1-31
2024-02-09 20:47:33,584 INFO o.a.j.t.JMeterThread: Thread finished: Scenario 1 1-31
2024-02-09 20:47:33,621 INFO o.a.j.t.JMeterThread: Thread started: Scenario 1 1-32
2024-02-09 20:47:33,634 INFO o.a.j.t.JMeterThread: Thread is done: Scenario 1 1-32
2024-02-09 20:47:33,634 INFO o.a.j.t.JMeterThread: Thread finished: Scenario 1 1-32
2024-02-09 20:47:33,671 INFO o.a.j.t.JMeterThread: Thread started: Scenario 1 1-33
2024-02-09 20:47:33,684 INFO o.a.j.t.JMeterThread: Thread is done: Scenario 1 1-33
2024-02-09 20:47:33,684 INFO o.a.j.t.JMeterThread: Thread finished: Scenario 1 1-33
2024-02-09 20:47:33,721 INFO o.a.j.t.JMeterThread: Thread started: Scenario 1 1-34
2024-02-09 20:47:33,761 INFO o.a.j.t.JMeterThread: Thread is done: Scenario 1 1-34
2024-02-09 20:47:33,761 INFO o.a.j.t.JMeterThread: Thread finished: Scenario 1 1-34
2024-02-09 20:47:33,772 INFO o.a.j.t.JMeterThread: Thread started: Scenario 1 1-35
2024-02-09 20:47:33,783 INFO o.a.j.t.JMeterThread: Thread is done: Scenario 1 1-35
2024-02-09 20:47:33,783 INFO o.a.j.t.JMeterThread: Thread finished: Scenario 1 1-35
2024-02-09 20:47:33,822 INFO o.a.j.t.JMeterThread: Thread started: Scenario 1 1-36
2024-02-09 20:47:33,834 INFO o.a.j.t.JMeterThread: Thread is done: Scenario 1 1-36
2024-02-09 20:47:33,834 INFO o.a.j.t.JMeterThread: Thread finished: Scenario 1 1-36
2024-02-09 20:47:33,871 INFO o.a.j.t.JMeterThread: Thread started: Scenario 1 1-37
2024-02-09 20:47:33,883 INFO o.a.j.t.JMeterThread: Thread is done: Scenario 1 1-37
2024-02-09 20:47:33,883 INFO o.a.j.t.JMeterThread: Thread finished: Scenario 1 1-37
2024-02-09 20:47:33,921 INFO o.a.j.t.JMeterThread: Thread started: Scenario 1 1-38
2024-02-09 20:47:33,933 INFO o.a.j.t.JMeterThread: Thread is done: Scenario 1 1-38
2024-02-09 20:47:33,933 INFO o.a.j.t.JMeterThread: Thread finished: Scenario 1 1-38
2024-02-09 20:47:33,971 INFO o.a.j.t.JMeterThread: Thread started: Scenario 1 1-39
2024-02-09 20:47:33,984 INFO o.a.j.t.JMeterThread: Thread is done: Scenario 1 1-39
2024-02-09 20:47:33,984 INFO o.a.j.t.JMeterThread: Thread finished: Scenario 1 1-39
2024-02-09 20:47:34,022 INFO o.a.j.t.JMeterThread: Thread started: Scenario 1 1-40
2024-02-09 20:47:34,036 INFO o.a.j.t.JMeterThread: Thread is done: Scenario 1 1-40
2024-02-09 20:47:34,036 INFO o.a.j.t.JMeterThread: Thread finished: Scenario 1 1-40
2024-02-09 20:47:34,072 INFO o.a.j.t.JMeterThread: Thread started: Scenario 1 1-41
2024-02-09 20:47:34,084 INFO o.a.j.t.JMeterThread: Thread is done: Scenario 1 1-41
2024-02-09 20:47:34,084 INFO o.a.j.t.JMeterThread: Thread finished: Scenario 1 1-41
2024-02-09 20:47:34,121 INFO o.a.j.t.JMeterThread: Thread started: Scenario 1 1-42
2024-02-09 20:47:34,135 INFO o.a.j.t.JMeterThread: Thread is done: Scenario 1 1-42
2024-02-09 20:47:34,135 INFO o.a.j.t.JMeterThread: Thread finished: Scenario 1 1-42
2024-02-09 20:47:34,171 INFO o.a.j.t.JMeterThread: Thread started: Scenario 1 1-43
2024-02-09 20:47:34,185 INFO o.a.j.t.JMeterThread: Thread is done: Scenario 1 1-43
2024-02-09 20:47:34,185 INFO o.a.j.t.JMeterThread: Thread finished: Scenario 1 1-43
2024-02-09 20:47:34,222 INFO o.a.j.t.JMeterThread: Thread started: Scenario 1 1-44
2024-02-09 20:47:34,260 INFO o.a.j.t.JMeterThread: Thread is done: Scenario 1 1-44
2024-02-09 20:47:34,260 INFO o.a.j.t.JMeterThread: Thread finished: Scenario 1 1-44
2024-02-09 20:47:34,271 INFO o.a.j.t.JMeterThread: Thread started: Scenario 1 1-45
2024-02-09 20:47:34,281 INFO o.a.j.t.JMeterThread: Thread is done: Scenario 1 1-45
2024-02-09 20:47:34,281 INFO o.a.j.t.JMeterThread: Thread finished: Scenario 1 1-45
2024-02-09 20:47:34,321 INFO o.a.j.t.JMeterThread: Thread started: Scenario 1 1-46
2024-02-09 20:47:34,333 INFO o.a.j.t.JMeterThread: Thread is done: Scenario 1 1-46
2024-02-09 20:47:34,333 INFO o.a.j.t.JMeterThread: Thread finished: Scenario 1 1-46
2024-02-09 20:47:34,371 INFO o.a.j.t.JMeterThread: Thread started: Scenario 1 1-47
2024-02-09 20:47:34,383 INFO o.a.j.t.JMeterThread: Thread is done: Scenario 1 1-47
2024-02-09 20:47:34,383 INFO o.a.j.t.JMeterThread: Thread finished: Scenario 1 1-47
2024-02-09 20:47:34,422 INFO o.a.j.t.JMeterThread: Thread started: Scenario 1 1-48
2024-02-09 20:47:34,440 INFO o.a.j.t.JMeterThread: Thread is done: Scenario 1 1-48
2024-02-09 20:47:34,440 INFO o.a.j.t.JMeterThread: Thread finished: Scenario 1 1-48
2024-02-09 20:47:34,471 INFO o.a.j.t.JMeterThread: Thread started: Scenario 1 1-49
2024-02-09 20:47:34,483 INFO o.a.j.t.JMeterThread: Thread is done: Scenario 1 1-49
2024-02-09 20:47:34,483 INFO o.a.j.t.JMeterThread: Thread finished: Scenario 1 1-49
2024-02-09 20:47:34,521 INFO o.a.j.t.JMeterThread: Thread started: Scenario 1 1-50
2024-02-09 20:47:34,533 INFO o.a.j.t.JMeterThread: Thread is done: Scenario 1 1-50
2024-02-09 20:47:34,533 INFO o.a.j.t.JMeterThread: Thread finished: Scenario 1 1-50
2024-02-09 20:47:34,569 INFO o.a.j.t.JMeterThread: Thread started: Scenario 1 1-51
2024-02-09 20:47:34,581 INFO o.a.j.t.JMeterThread: Thread is done: Scenario 1 1-51
2024-02-09 20:47:34,581 INFO o.a.j.t.JMeterThread: Thread finished: Scenario 1 1-51
2024-02-09 20:47:34,621 INFO o.a.j.t.JMeterThread: Thread started: Scenario 1 1-52
2024-02-09 20:47:34,634 INFO o.a.j.t.JMeterThread: Thread is done: Scenario 1 1-52
2024-02-09 20:47:34,634 INFO o.a.j.t.JMeterThread: Thread finished: Scenario 1 1-52
2024-02-09 20:47:34,671 INFO o.a.j.t.JMeterThread: Thread started: Scenario 1 1-53
2024-02-09 20:47:34,684 INFO o.a.j.t.JMeterThread: Thread is done: Scenario 1 1-53
2024-02-09 20:47:34,684 INFO o.a.j.t.JMeterThread: Thread finished: Scenario 1 1-53
2024-02-09 20:47:34,721 INFO o.a.j.t.JMeterThread: Thread started: Scenario 1 1-54
2024-02-09 20:47:34,732 INFO o.a.j.t.JMeterThread: Thread is done: Scenario 1 1-54
2024-02-09 20:47:34,732 INFO o.a.j.t.JMeterThread: Thread finished: Scenario 1 1-54
2024-02-09 20:47:34,771 INFO o.a.j.t.JMeterThread: Thread started: Scenario 1 1-55
2024-02-09 20:47:34,781 INFO o.a.j.t.JMeterThread: Thread is done: Scenario 1 1-55
2024-02-09 20:47:34,781 INFO o.a.j.t.JMeterThread: Thread finished: Scenario 1 1-55
2024-02-09 20:47:34,821 INFO o.a.j.t.JMeterThread: Thread started: Scenario 1 1-56
2024-02-09 20:47:34,833 INFO o.a.j.t.JMeterThread: Thread is done: Scenario 1 1-56
2024-02-09 20:47:34,833 INFO o.a.j.t.JMeterThread: Thread finished: Scenario 1 1-56
2024-02-09 20:47:34,872 INFO o.a.j.t.JMeterThread: Thread started: Scenario 1 1-57
2024-02-09 20:47:34,884 INFO o.a.j.t.JMeterThread: Thread is done: Scenario 1 1-57
2024-02-09 20:47:34,884 INFO o.a.j.t.JMeterThread: Thread finished: Scenario 1 1-57
2024-02-09 20:47:34,922 INFO o.a.j.t.JMeterThread: Thread started: Scenario 1 1-58
2024-02-09 20:47:34,935 INFO o.a.j.t.JMeterThread: Thread is done: Scenario 1 1-58
2024-02-09 20:47:34,935 INFO o.a.j.t.JMeterThread: Thread finished: Scenario 1 1-58
2024-02-09 20:47:34,968 INFO o.a.j.t.JMeterThread: Thread started: Scenario 1 1-59
2024-02-09 20:47:34,980 INFO o.a.j.t.JMeterThread: Thread is done: Scenario 1 1-59
2024-02-09 20:47:34,980 INFO o.a.j.t.JMeterThread: Thread finished: Scenario 1 1-59
2024-02-09 20:47:35,021 INFO o.a.j.t.JMeterThread: Thread started: Scenario 1 1-60
2024-02-09 20:47:35,032 INFO o.a.j.t.JMeterThread: Thread is done: Scenario 1 1-60
2024-02-09 20:47:35,032 INFO o.a.j.t.JMeterThread: Thread finished: Scenario 1 1-60
2024-02-09 20:47:35,071 INFO o.a.j.t.JMeterThread: Thread started: Scenario 1 1-61
2024-02-09 20:47:35,083 INFO o.a.j.t.JMeterThread: Thread is done: Scenario 1 1-61
2024-02-09 20:47:35,083 INFO o.a.j.t.JMeterThread: Thread finished: Scenario 1 1-61
2024-02-09 20:47:35,121 INFO o.a.j.t.JMeterThread: Thread started: Scenario 1 1-62
2024-02-09 20:47:35,133 INFO o.a.j.t.JMeterThread: Thread is done: Scenario 1 1-62
2024-02-09 20:47:35,133 INFO o.a.j.t.JMeterThread: Thread finished: Scenario 1 1-62
2024-02-09 20:47:35,171 INFO o.a.j.t.JMeterThread: Thread started: Scenario 1 1-63
2024-02-09 20:47:35,181 INFO o.a.j.t.JMeterThread: Thread is done: Scenario 1 1-63
2024-02-09 20:47:35,181 INFO o.a.j.t.JMeterThread: Thread finished: Scenario 1 1-63
2024-02-09 20:47:35,221 INFO o.a.j.t.JMeterThread: Thread started: Scenario 1 1-64
2024-02-09 20:47:35,233 INFO o.a.j.t.JMeterThread: Thread is done: Scenario 1 1-64
2024-02-09 20:47:35,233 INFO o.a.j.t.JMeterThread: Thread finished: Scenario 1 1-64
2024-02-09 20:47:35,271 INFO o.a.j.t.JMeterThread: Thread started: Scenario 1 1-65
2024-02-09 20:47:35,282 INFO o.a.j.t.JMeterThread: Thread is done: Scenario 1 1-65
2024-02-09 20:47:35,282 INFO o.a.j.t.JMeterThread: Thread finished: Scenario 1 1-65
2024-02-09 20:47:35,322 INFO o.a.j.t.JMeterThread: Thread started: Scenario 1 1-66
2024-02-09 20:47:35,335 INFO o.a.j.t.JMeterThread: Thread is done: Scenario 1 1-66
2024-02-09 20:47:35,335 INFO o.a.j.t.JMeterThread: Thread finished: Scenario 1 1-66
2024-02-09 20:47:35,371 INFO o.a.j.t.JMeterThread: Thread started: Scenario 1 1-67
2024-02-09 20:47:35,383 INFO o.a.j.t.JMeterThread: Thread is done: Scenario 1 1-67
2024-02-09 20:47:35,383 INFO o.a.j.t.JMeterThread: Thread finished: Scenario 1 1-67
2024-02-09 20:47:35,421 INFO o.a.j.t.JMeterThread: Thread started: Scenario 1 1-68
2024-02-09 20:47:35,432 INFO o.a.j.t.JMeterThread: Thread is done: Scenario 1 1-68
2024-02-09 20:47:35,432 INFO o.a.j.t.JMeterThread: Thread finished: Scenario 1 1-68
2024-02-09 20:47:35,471 INFO o.a.j.t.JMeterThread: Thread started: Scenario 1 1-69
2024-02-09 20:47:35,483 INFO o.a.j.t.JMeterThread: Thread is done: Scenario 1 1-69
2024-02-09 20:47:35,483 INFO o.a.j.t.JMeterThread: Thread finished: Scenario 1 1-69
2024-02-09 20:47:35,521 INFO o.a.j.t.JMeterThread: Thread started: Scenario 1 1-70
2024-02-09 20:47:35,535 INFO o.a.j.t.JMeterThread: Thread is done: Scenario 1 1-70
2024-02-09 20:47:35,535 INFO o.a.j.t.JMeterThread: Thread finished: Scenario 1 1-70
2024-02-09 20:47:35,571 INFO o.a.j.t.JMeterThread: Thread started: Scenario 1 1-71
2024-02-09 20:47:35,585 INFO o.a.j.t.JMeterThread: Thread is done: Scenario 1 1-71
2024-02-09 20:47:35,585 INFO o.a.j.t.JMeterThread: Thread finished: Scenario 1 1-71
2024-02-09 20:47:35,621 INFO o.a.j.t.JMeterThread: Thread started: Scenario 1 1-72
2024-02-09 20:47:35,635 INFO o.a.j.t.JMeterThread: Thread is done: Scenario 1 1-72
2024-02-09 20:47:35,636 INFO o.a.j.t.JMeterThread: Thread finished: Scenario 1 1-72
2024-02-09 20:47:35,666 INFO o.a.j.t.JMeterThread: Thread started: Scenario 1 1-73
2024-02-09 20:47:35,679 INFO o.a.j.t.JMeterThread: Thread is done: Scenario 1 1-73
2024-02-09 20:47:35,679 INFO o.a.j.t.JMeterThread: Thread finished: Scenario 1 1-73
2024-02-09 20:47:35,721 INFO o.a.j.t.JMeterThread: Thread started: Scenario 1 1-74
2024-02-09 20:47:35,734 INFO o.a.j.t.JMeterThread: Thread is done: Scenario 1 1-74
2024-02-09 20:47:35,734 INFO o.a.j.t.JMeterThread: Thread finished: Scenario 1 1-74
2024-02-09 20:47:35,772 INFO o.a.j.t.JMeterThread: Thread started: Scenario 1 1-75
2024-02-09 20:47:35,783 INFO o.a.j.t.JMeterThread: Thread is done: Scenario 1 1-75
2024-02-09 20:47:35,783 INFO o.a.j.t.JMeterThread: Thread finished: Scenario 1 1-75
2024-02-09 20:47:35,822 INFO o.a.j.t.JMeterThread: Thread started: Scenario 1 1-76
2024-02-09 20:47:35,832 INFO o.a.j.t.JMeterThread: Thread is done: Scenario 1 1-76
2024-02-09 20:47:35,832 INFO o.a.j.t.JMeterThread: Thread finished: Scenario 1 1-76
2024-02-09 20:47:35,871 INFO o.a.j.t.JMeterThread: Thread started: Scenario 1 1-77
2024-02-09 20:47:35,883 INFO o.a.j.t.JMeterThread: Thread is done: Scenario 1 1-77
2024-02-09 20:47:35,883 INFO o.a.j.t.JMeterThread: Thread finished: Scenario 1 1-77
2024-02-09 20:47:35,921 INFO o.a.j.t.JMeterThread: Thread started: Scenario 1 1-78
2024-02-09 20:47:35,934 INFO o.a.j.t.JMeterThread: Thread is done: Scenario 1 1-78
2024-02-09 20:47:35,934 INFO o.a.j.t.JMeterThread: Thread finished: Scenario 1 1-78
2024-02-09 20:47:35,971 INFO o.a.j.t.JMeterThread: Thread started: Scenario 1 1-79
2024-02-09 20:47:35,983 INFO o.a.j.t.JMeterThread: Thread is done: Scenario 1 1-79
2024-02-09 20:47:35,983 INFO o.a.j.t.JMeterThread: Thread finished: Scenario 1 1-79
2024-02-09 20:47:36,021 INFO o.a.j.t.JMeterThread: Thread started: Scenario 1 1-80
2024-02-09 20:47:36,034 INFO o.a.j.t.JMeterThread: Thread is done: Scenario 1 1-80
2024-02-09 20:47:36,034 INFO o.a.j.t.JMeterThread: Thread finished: Scenario 1 1-80
2024-02-09 20:47:36,071 INFO o.a.j.t.JMeterThread: Thread started: Scenario 1 1-81
2024-02-09 20:47:36,083 INFO o.a.j.t.JMeterThread: Thread is done: Scenario 1 1-81
2024-02-09 20:47:36,083 INFO o.a.j.t.JMeterThread: Thread finished: Scenario 1 1-81
2024-02-09 20:47:36,121 INFO o.a.j.t.JMeterThread: Thread started: Scenario 1 1-82
2024-02-09 20:47:36,131 INFO o.a.j.t.JMeterThread: Thread is done: Scenario 1 1-82
2024-02-09 20:47:36,132 INFO o.a.j.t.JMeterThread: Thread finished: Scenario 1 1-82
2024-02-09 20:47:36,171 INFO o.a.j.t.JMeterThread: Thread started: Scenario 1 1-83
2024-02-09 20:47:36,182 INFO o.a.j.t.JMeterThread: Thread is done: Scenario 1 1-83
2024-02-09 20:47:36,182 INFO o.a.j.t.JMeterThread: Thread finished: Scenario 1 1-83
2024-02-09 20:47:36,222 INFO o.a.j.t.JMeterThread: Thread started: Scenario 1 1-84
2024-02-09 20:47:36,233 INFO o.a.j.t.JMeterThread: Thread is done: Scenario 1 1-84
2024-02-09 20:47:36,233 INFO o.a.j.t.JMeterThread: Thread finished: Scenario 1 1-84
2024-02-09 20:47:36,272 INFO o.a.j.t.JMeterThread: Thread started: Scenario 1 1-85
2024-02-09 20:47:36,283 INFO o.a.j.t.JMeterThread: Thread is done: Scenario 1 1-85
2024-02-09 20:47:36,283 INFO o.a.j.t.JMeterThread: Thread finished: Scenario 1 1-85
2024-02-09 20:47:36,321 INFO o.a.j.t.JMeterThread: Thread started: Scenario 1 1-86
2024-02-09 20:47:36,332 INFO o.a.j.t.JMeterThread: Thread is done: Scenario 1 1-86
2024-02-09 20:47:36,332 INFO o.a.j.t.JMeterThread: Thread finished: Scenario 1 1-86
2024-02-09 20:47:36,371 INFO o.a.j.t.JMeterThread: Thread started: Scenario 1 1-87
2024-02-09 20:47:36,383 INFO o.a.j.t.JMeterThread: Thread is done: Scenario 1 1-87
2024-02-09 20:47:36,383 INFO o.a.j.t.JMeterThread: Thread finished: Scenario 1 1-87
2024-02-09 20:47:36,421 INFO o.a.j.t.JMeterThread: Thread started: Scenario 1 1-88
2024-02-09 20:47:36,434 INFO o.a.j.t.JMeterThread: Thread is done: Scenario 1 1-88
2024-02-09 20:47:36,435 INFO o.a.j.t.JMeterThread: Thread finished: Scenario 1 1-88
2024-02-09 20:47:36,471 INFO o.a.j.t.JMeterThread: Thread started: Scenario 1 1-89
2024-02-09 20:47:36,491 INFO o.a.j.t.JMeterThread: Thread is done: Scenario 1 1-89
2024-02-09 20:47:36,491 INFO o.a.j.t.JMeterThread: Thread finished: Scenario 1 1-89
2024-02-09 20:47:36,521 INFO o.a.j.t.JMeterThread: Thread started: Scenario 1 1-90
2024-02-09 20:47:36,534 INFO o.a.j.t.JMeterThread: Thread is done: Scenario 1 1-90
2024-02-09 20:47:36,535 INFO o.a.j.t.JMeterThread: Thread finished: Scenario 1 1-90
2024-02-09 20:47:36,571 INFO o.a.j.t.JMeterThread: Thread started: Scenario 1 1-91
2024-02-09 20:47:36,584 INFO o.a.j.t.JMeterThread: Thread is done: Scenario 1 1-91
2024-02-09 20:47:36,584 INFO o.a.j.t.JMeterThread: Thread finished: Scenario 1 1-91
2024-02-09 20:47:36,621 INFO o.a.j.t.JMeterThread: Thread started: Scenario 1 1-92
2024-02-09 20:47:36,635 INFO o.a.j.t.JMeterThread: Thread is done: Scenario 1 1-92
2024-02-09 20:47:36,635 INFO o.a.j.t.JMeterThread: Thread finished: Scenario 1 1-92
2024-02-09 20:47:36,666 INFO o.a.j.t.JMeterThread: Thread started: Scenario 1 1-93
2024-02-09 20:47:36,679 INFO o.a.j.t.JMeterThread: Thread is done: Scenario 1 1-93
2024-02-09 20:47:36,679 INFO o.a.j.t.JMeterThread: Thread finished: Scenario 1 1-93
2024-02-09 20:47:36,717 INFO o.a.j.t.JMeterThread: Thread started: Scenario 1 1-94
2024-02-09 20:47:36,731 INFO o.a.j.t.JMeterThread: Thread is done: Scenario 1 1-94
2024-02-09 20:47:36,731 INFO o.a.j.t.JMeterThread: Thread finished: Scenario 1 1-94
2024-02-09 20:47:36,772 INFO o.a.j.t.JMeterThread: Thread started: Scenario 1 1-95
2024-02-09 20:47:36,788 INFO o.a.j.t.JMeterThread: Thread is done: Scenario 1 1-95
2024-02-09 20:47:36,788 INFO o.a.j.t.JMeterThread: Thread finished: Scenario 1 1-95
2024-02-09 20:47:36,822 INFO o.a.j.t.JMeterThread: Thread started: Scenario 1 1-96
2024-02-09 20:47:36,832 INFO o.a.j.t.JMeterThread: Thread is done: Scenario 1 1-96
2024-02-09 20:47:36,832 INFO o.a.j.t.JMeterThread: Thread finished: Scenario 1 1-96
2024-02-09 20:47:36,871 INFO o.a.j.t.JMeterThread: Thread started: Scenario 1 1-97
2024-02-09 20:47:36,882 INFO o.a.j.t.JMeterThread: Thread is done: Scenario 1 1-97
2024-02-09 20:47:36,882 INFO o.a.j.t.JMeterThread: Thread finished: Scenario 1 1-97
2024-02-09 20:47:36,920 INFO o.a.j.t.JMeterThread: Thread started: Scenario 1 1-98
2024-02-09 20:47:36,933 INFO o.a.j.t.JMeterThread: Thread is done: Scenario 1 1-98
2024-02-09 20:47:36,933 INFO o.a.j.t.JMeterThread: Thread finished: Scenario 1 1-98
2024-02-09 20:47:36,971 INFO o.a.j.t.JMeterThread: Thread started: Scenario 1 1-99
2024-02-09 20:47:36,984 INFO o.a.j.t.JMeterThread: Thread is done: Scenario 1 1-99
2024-02-09 20:47:36,984 INFO o.a.j.t.JMeterThread: Thread finished: Scenario 1 1-99
2024-02-09 20:47:37,021 INFO o.a.j.t.JMeterThread: Thread started: Scenario 1 1-100
2024-02-09 20:47:37,035 INFO o.a.j.t.JMeterThread: Thread is done: Scenario 1 1-100
2024-02-09 20:47:37,035 INFO o.a.j.t.JMeterThread: Thread finished: Scenario 1 1-100
2024-02-09 20:47:37,035 INFO o.a.j.e.StandardJMeterEngine: Notifying test listeners of end of test
2024-02-09 20:47:37,035 INFO o.a.j.g.u.JMeterMenuBar: setRunning(false, *local*)
